FATAL [Thread-16] 2017-10-02 19:48:46,677 repast.simphony.ui.GUIScheduleRunner - RunTimeException when running the schedule
Current tick (2.0)
java.lang.RuntimeException: java.lang.reflect.InvocationTargetException
	at repast.simphony.engine.schedule.DynamicTargetAction.execute(DynamicTargetAction.java:72)
	at repast.simphony.engine.controller.ScheduledMethodControllerAction$ScheduleMethodAllAction.execute(ScheduledMethodControllerAction.java:333)
	at repast.simphony.engine.schedule.DefaultAction.execute(DefaultAction.java:38)
	at repast.simphony.engine.schedule.ScheduleGroup.executeList(ScheduleGroup.java:205)
	at repast.simphony.engine.schedule.ScheduleGroup.execute(ScheduleGroup.java:231)
	at repast.simphony.engine.schedule.Schedule.execute(Schedule.java:352)
	at repast.simphony.ui.GUIScheduleRunner$ScheduleLoopRunnable.run(GUIScheduleRunner.java:52)
	at java.lang.Thread.run(Unknown Source)
Caused by: java.lang.reflect.InvocationTargetException
	at journalPaperSimulation.Testing$$FastClassByCGLIB$$1bf0067e.invoke(<generated>)
	at net.sf.cglib.reflect.FastMethod.invoke(FastMethod.java:53)
	at repast.simphony.engine.schedule.DynamicTargetAction.execute(DynamicTargetAction.java:69)
	... 7 more
Caused by: java.lang.IllegalArgumentException: Specified target vertex null is not part of graph Vertices:Machine [name=machineTH] at 70,80 process done: null,Machine [name=machineTI] at 90,100 process done: null,Machine [name=machineTK] at 90,80 process done: null,depositB3 at 80,75 process done: null,Machine [name=machineTG] at 70,100 process done: null
Edges:Edge with weight 20 goes from 90,100 to 90,80.
Makes nothing completed.
 Activated by: Robot Agent for RobotB3 LLC using move3[Machine [name=machineTI] at 90,100 process done: null,Machine [name=machineTK] at 90,80 process done: null] Edge with weight 20 goes from 70,80 to 90,80.
Makes nothing completed.
 Activated by: Robot Agent for RobotB3 LLC using move2[Machine [name=machineTH] at 70,80 process done: null,Machine [name=machineTK] at 90,80 process done: null] Edge with weight 15 goes from 80,75 to 90,80.
Makes nothing completed.
 Activated by: Robot Agent for RobotB3 LLC using move0[depositB3 at 80,75 process done: null,Machine [name=machineTK] at 90,80 process done: null] Edge with weight 20 goes from 90,80 to 90,100.
Makes nothing completed.
 Activated by: Robot Agent for RobotB3 LLC using move4[Machine [name=machineTK] at 90,80 process done: null,Machine [name=machineTI] at 90,100 process done: null] Edge with weight 40 goes from 70,100 to 90,80.
Makes nothing completed.
 Activated by: Robot Agent for RobotB3 LLC using move1[Machine [name=machineTG] at 70,100 process done: null,Machine [name=machineTK] at 90,80 process done: null] 
	at edu.uci.ics.jung.algorithms.shortestpath.DijkstraShortestPath.getPath(DijkstraShortestPath.java:164)
	at resourceAgent.ResourceAgentHelper.teamQuery(ResourceAgentHelper.java:88)
	at resourceAgent.RobotAgent.teamQuery(RobotAgent.java:82)
	at resourceAgent.ResourceAgentHelper.teamQuery(ResourceAgentHelper.java:99)
	at resourceAgent.BufferAgent.teamQuery(BufferAgent.java:59)
	at resourceAgent.ResourceAgentHelper.teamQuery(ResourceAgentHelper.java:99)
	at resourceAgent.RobotAgent.teamQuery(RobotAgent.java:82)
	at resourceAgent.ResourceAgentHelper.teamQuery(ResourceAgentHelper.java:99)
	at resourceAgent.BufferAgent.teamQuery(BufferAgent.java:59)
	at resourceAgent.ResourceAgentHelper.teamQuery(ResourceAgentHelper.java:99)
	at resourceAgent.RobotAgent.teamQuery(RobotAgent.java:82)
	at resourceAgent.ResourceAgentHelper.teamQuery(ResourceAgentHelper.java:99)
	at resourceAgent.BufferAgent.teamQuery(BufferAgent.java:59)
	at intelligentProduct.LotProductAgent.startBidding(LotProductAgent.java:87)
	at intelligentProduct.LotProductAgent.<init>(LotProductAgent.java:38)
	at journalPaperSimulation.Testing.start(Testing.java:34)
	... 10 more
FATAL [Thread-7] 2017-10-03 15:44:50,609 repast.simphony.ui.GUIScheduleRunner - RunTimeException when running the schedule
Current tick (2.0)
java.lang.RuntimeException: java.lang.reflect.InvocationTargetException
	at repast.simphony.engine.schedule.DynamicTargetAction.execute(DynamicTargetAction.java:72)
	at repast.simphony.engine.controller.ScheduledMethodControllerAction$ScheduleMethodAllAction.execute(ScheduledMethodControllerAction.java:333)
	at repast.simphony.engine.schedule.DefaultAction.execute(DefaultAction.java:38)
	at repast.simphony.engine.schedule.ScheduleGroup.executeList(ScheduleGroup.java:205)
	at repast.simphony.engine.schedule.ScheduleGroup.execute(ScheduleGroup.java:231)
	at repast.simphony.engine.schedule.Schedule.execute(Schedule.java:352)
	at repast.simphony.ui.GUIScheduleRunner$ScheduleLoopRunnable.run(GUIScheduleRunner.java:52)
	at java.lang.Thread.run(Unknown Source)
Caused by: java.lang.reflect.InvocationTargetException
	at journalPaperSimulation.Testing$$FastClassByCGLIB$$1bf0067e.invoke(<generated>)
	at net.sf.cglib.reflect.FastMethod.invoke(FastMethod.java:53)
	at repast.simphony.engine.schedule.DynamicTargetAction.execute(DynamicTargetAction.java:69)
	... 7 more
Caused by: java.lang.NullPointerException
	at intelligentProduct.LotProductAgent.submitBid(LotProductAgent.java:73)
	at resourceAgent.ResourceAgentHelper.teamQuery(ResourceAgentHelper.java:69)
	at resourceAgent.MachineAgent.teamQuery(MachineAgent.java:76)
	at resourceAgent.ResourceAgentHelper.teamQuery(ResourceAgentHelper.java:97)
	at resourceAgent.RobotAgent.teamQuery(RobotAgent.java:86)
	at resourceAgent.ResourceAgentHelper.teamQuery(ResourceAgentHelper.java:97)
	at resourceAgent.BufferAgent.teamQuery(BufferAgent.java:72)
	at resourceAgent.ResourceAgentHelper.teamQuery(ResourceAgentHelper.java:97)
	at resourceAgent.RobotAgent.teamQuery(RobotAgent.java:86)
	at resourceAgent.ResourceAgentHelper.teamQuery(ResourceAgentHelper.java:97)
	at resourceAgent.BufferAgent.teamQuery(BufferAgent.java:72)
	at resourceAgent.ResourceAgentHelper.teamQuery(ResourceAgentHelper.java:97)
	at resourceAgent.RobotAgent.teamQuery(RobotAgent.java:86)
	at resourceAgent.ResourceAgentHelper.teamQuery(ResourceAgentHelper.java:97)
	at resourceAgent.BufferAgent.teamQuery(BufferAgent.java:72)
	at intelligentProduct.LotProductAgent.startBidding(LotProductAgent.java:97)
	at intelligentProduct.LotProductAgent.<init>(LotProductAgent.java:42)
	at journalPaperSimulation.Testing.start(Testing.java:34)
	... 10 more
